

================================================================
== Vivado HLS Report for 'multiexp_kernel'
================================================================
* Date:           Fri Apr  3 18:03:19 2020

* Version:        2019.2 (Build 2704478 on Wed Nov 06 22:10:23 MST 2019)
* Project:        prj
* Solution:       sol
* Product family: virtexuplus
* Target device:  xcvu9p-flga2104-2-e


================================================================
== Performance Estimates
================================================================
+ Timing: 
    * Summary: 
    +--------+----------+----------+------------+
    |  Clock |  Target  | Estimated| Uncertainty|
    +--------+----------+----------+------------+
    |ap_clk  | 10.00 ns | 8.750 ns |   1.25 ns  |
    +--------+----------+----------+------------+

+ Latency: 
    * Summary: 
    +---------+---------+----------+----------+-------+-------+---------+
    |  Latency (cycles) |  Latency (absolute) |    Interval   | Pipeline|
    |   min   |   max   |    min   |    max   |  min  |  max  |   Type  |
    +---------+---------+----------+----------+-------+-------+---------+
    |    36911|    36911| 0.369 ms | 0.369 ms |  36911|  36911|   none  |
    +---------+---------+----------+----------+-------+-------+---------+

    + Detail: 
        * Instance: 
        N/A

        * Loop: 
        +--------------------------------------------+---------+---------+----------+-----------+-----------+------+----------+
        |                                            |  Latency (cycles) | Iteration|  Initiation Interval  | Trip |          |
        |                  Loop Name                 |   min   |   max   |  Latency |  achieved |   target  | Count| Pipelined|
        +--------------------------------------------+---------+---------+----------+-----------+-----------+------+----------+
        |- memcpy.point_input_buffer.point_p         |     4097|     4097|         3|          1|          1|  4096|    yes   |
        |- Loop 2                                    |     4096|     4096|         2|          1|          1|  4096|    yes   |
        |- memcpy.point_p.point_output_buffer.gep    |     4097|     4097|         3|          1|          1|  4096|    yes   |
        |- memcpy.scalar_input_buffer.scalar_p       |     4097|     4097|         3|          1|          1|  4096|    yes   |
        |- Loop 5                                    |     4096|     4096|         2|          1|          1|  4096|    yes   |
        |- memcpy.scalar_p.scalar_output_buffer.gep  |     4097|     4097|         3|          1|          1|  4096|    yes   |
        |- memcpy.result_input_buffer.result_p       |     4097|     4097|         3|          1|          1|  4096|    yes   |
        |- Loop 8                                    |     4096|     4096|         2|          1|          1|  4096|    yes   |
        |- memcpy.result_p.result_output_buffer.gep  |     4097|     4097|         3|          1|          1|  4096|    yes   |
        +--------------------------------------------+---------+---------+----------+-----------+-----------+------+----------+



================================================================
== Utilization Estimates
================================================================
* Summary: 
+---------------------+---------+-------+---------+---------+-----+
|         Name        | BRAM_18K| DSP48E|    FF   |   LUT   | URAM|
+---------------------+---------+-------+---------+---------+-----+
|DSP                  |        -|      -|        -|        -|    -|
|Expression           |        -|      -|        0|      390|    -|
|FIFO                 |        -|      -|        -|        -|    -|
|Instance             |        6|      -|     1852|     2292|    -|
|Memory               |       90|      -|        0|        0|    0|
|Multiplexer          |        -|      -|        -|      675|    -|
|Register             |        -|      -|      696|        -|    -|
+---------------------+---------+-------+---------+---------+-----+
|Total                |       96|      0|     2548|     3357|    0|
+---------------------+---------+-------+---------+---------+-----+
|Available SLR        |     1440|   2280|   788160|   394080|  320|
+---------------------+---------+-------+---------+---------+-----+
|Utilization SLR (%)  |        6|      0|    ~0   |    ~0   |    0|
+---------------------+---------+-------+---------+---------+-----+
|Available            |     4320|   6840|  2364480|  1182240|  960|
+---------------------+---------+-------+---------+---------+-----+
|Utilization (%)      |        2|      0|    ~0   |    ~0   |    0|
+---------------------+---------+-------+---------+---------+-----+

+ Detail: 
    * Instance: 
    +---------------------------------+-------------------------------+---------+-------+-----+-----+-----+
    |             Instance            |             Module            | BRAM_18K| DSP48E|  FF | LUT | URAM|
    +---------------------------------+-------------------------------+---------+-------+-----+-----+-----+
    |multiexp_kernel_control_s_axi_U  |multiexp_kernel_control_s_axi  |        0|      0|  316|  552|    0|
    |multiexp_kernel_point_m_axi_U    |multiexp_kernel_point_m_axi    |        2|      0|  512|  580|    0|
    |multiexp_kernel_result_m_axi_U   |multiexp_kernel_result_m_axi   |        2|      0|  512|  580|    0|
    |multiexp_kernel_scalar_m_axi_U   |multiexp_kernel_scalar_m_axi   |        2|      0|  512|  580|    0|
    +---------------------------------+-------------------------------+---------+-------+-----+-----+-----+
    |Total                            |                               |        6|      0| 1852| 2292|    0|
    +---------------------------------+-------------------------------+---------+-------+-----+-----+-----+

    * DSP48E: 
    N/A

    * Memory: 
    +------------------------+------------------------------------+---------+---+----+-----+------+-----+------+-------------+
    |         Memory         |               Module               | BRAM_18K| FF| LUT| URAM| Words| Bits| Banks| W*Bits*Banks|
    +------------------------+------------------------------------+---------+---+----+-----+------+-----+------+-------------+
    |point_input_buffer_U    |multiexp_kernel_point_input_buffer  |       15|  0|   0|    0|  8192|   32|     1|       262144|
    |point_output_buffer_U   |multiexp_kernel_point_input_buffer  |       15|  0|   0|    0|  8192|   32|     1|       262144|
    |scalar_input_buffer_U   |multiexp_kernel_point_input_buffer  |       15|  0|   0|    0|  8192|   32|     1|       262144|
    |scalar_output_buffer_U  |multiexp_kernel_point_input_buffer  |       15|  0|   0|    0|  8192|   32|     1|       262144|
    |result_input_buffer_U   |multiexp_kernel_point_input_buffer  |       15|  0|   0|    0|  8192|   32|     1|       262144|
    |result_output_buffer_U  |multiexp_kernel_point_input_buffer  |       15|  0|   0|    0|  8192|   32|     1|       262144|
    +------------------------+------------------------------------+---------+---+----+-----+------+-----+------+-------------+
    |Total                   |                                    |       90|  0|   0|    0| 49152|  192|     6|      1572864|
    +------------------------+------------------------------------+---------+---+----+-----+------+-----+------+-------------+

    * FIFO: 
    N/A

    * Expression: 
    +-----------------------------------+----------+-------+---+----+------------+------------+
    |           Variable Name           | Operation| DSP48E| FF| LUT| Bitwidth P0| Bitwidth P1|
    +-----------------------------------+----------+-------+---+----+------------+------------+
    |add_ln105_fu_673_p2                |     +    |      0|  0|  13|          13|           1|
    |add_ln55_fu_516_p2                 |     +    |      0|  0|  13|          13|           1|
    |add_ln63_fu_557_p2                 |     +    |      0|  0|  13|          13|           1|
    |add_ln76_fu_574_p2                 |     +    |      0|  0|  13|          13|           1|
    |add_ln84_fu_615_p2                 |     +    |      0|  0|  13|          13|           1|
    |add_ln97_fu_632_p2                 |     +    |      0|  0|  13|          13|           1|
    |i_1_fu_591_p2                      |     +    |      0|  0|  13|          13|           1|
    |i_2_fu_649_p2                      |     +    |      0|  0|  13|          13|           1|
    |i_fu_533_p2                        |     +    |      0|  0|  13|          13|           1|
    |point_output_buffer_d0             |     +    |      0|  0|  32|          32|           1|
    |result_output_buffer_d0            |     +    |      0|  0|  32|          32|           1|
    |scalar_output_buffer_d0            |     +    |      0|  0|  32|          32|           1|
    |ap_block_pp0_stage0_11001          |    and   |      0|  0|   2|           1|           1|
    |ap_block_pp2_stage0_11001          |    and   |      0|  0|   2|           1|           1|
    |ap_block_pp3_stage0_11001          |    and   |      0|  0|   2|           1|           1|
    |ap_block_pp5_stage0_11001          |    and   |      0|  0|   2|           1|           1|
    |ap_block_pp6_stage0_11001          |    and   |      0|  0|   2|           1|           1|
    |ap_block_pp8_stage0_11001          |    and   |      0|  0|   2|           1|           1|
    |ap_block_state10_pp0_stage0_iter1  |    and   |      0|  0|   2|           1|           1|
    |ap_block_state18_io                |    and   |      0|  0|   2|           1|           1|
    |ap_block_state27_pp3_stage0_iter1  |    and   |      0|  0|   2|           1|           1|
    |ap_block_state35_io                |    and   |      0|  0|   2|           1|           1|
    |ap_block_state44_pp6_stage0_iter1  |    and   |      0|  0|   2|           1|           1|
    |ap_block_state52_io                |    and   |      0|  0|   2|           1|           1|
    |icmp_ln100_fu_643_p2               |   icmp   |      0|  0|  13|          13|          14|
    |icmp_ln105_fu_667_p2               |   icmp   |      0|  0|  13|          13|          14|
    |icmp_ln55_fu_510_p2                |   icmp   |      0|  0|  13|          13|          14|
    |icmp_ln58_fu_527_p2                |   icmp   |      0|  0|  13|          13|          14|
    |icmp_ln63_fu_551_p2                |   icmp   |      0|  0|  13|          13|          14|
    |icmp_ln76_fu_568_p2                |   icmp   |      0|  0|  13|          13|          14|
    |icmp_ln79_fu_585_p2                |   icmp   |      0|  0|  13|          13|          14|
    |icmp_ln84_fu_609_p2                |   icmp   |      0|  0|  13|          13|          14|
    |icmp_ln97_fu_626_p2                |   icmp   |      0|  0|  13|          13|          14|
    |ap_enable_pp0                      |    xor   |      0|  0|   2|           1|           2|
    |ap_enable_pp1                      |    xor   |      0|  0|   2|           1|           2|
    |ap_enable_pp2                      |    xor   |      0|  0|   2|           1|           2|
    |ap_enable_pp3                      |    xor   |      0|  0|   2|           1|           2|
    |ap_enable_pp4                      |    xor   |      0|  0|   2|           1|           2|
    |ap_enable_pp5                      |    xor   |      0|  0|   2|           1|           2|
    |ap_enable_pp6                      |    xor   |      0|  0|   2|           1|           2|
    |ap_enable_pp7                      |    xor   |      0|  0|   2|           1|           2|
    |ap_enable_pp8                      |    xor   |      0|  0|   2|           1|           2|
    |ap_enable_reg_pp0_iter1            |    xor   |      0|  0|   2|           2|           1|
    |ap_enable_reg_pp1_iter1            |    xor   |      0|  0|   2|           2|           1|
    |ap_enable_reg_pp2_iter1            |    xor   |      0|  0|   2|           2|           1|
    |ap_enable_reg_pp3_iter1            |    xor   |      0|  0|   2|           2|           1|
    |ap_enable_reg_pp4_iter1            |    xor   |      0|  0|   2|           2|           1|
    |ap_enable_reg_pp5_iter1            |    xor   |      0|  0|   2|           2|           1|
    |ap_enable_reg_pp6_iter1            |    xor   |      0|  0|   2|           2|           1|
    |ap_enable_reg_pp7_iter1            |    xor   |      0|  0|   2|           2|           1|
    |ap_enable_reg_pp8_iter1            |    xor   |      0|  0|   2|           2|           1|
    +-----------------------------------+----------+-------+---+----+------------+------------+
    |Total                              |          |      0|  0| 390|         369|         177|
    +-----------------------------------+----------+-------+---+----+------------+------------+

    * Multiplexer: 
    +-----------------------------------+-----+-----------+-----+-----------+
    |                Name               | LUT | Input Size| Bits| Total Bits|
    +-----------------------------------+-----+-----------+-----+-----------+
    |ap_NS_fsm                          |  189|         43|    1|         43|
    |ap_enable_reg_pp0_iter1            |    9|          2|    1|          2|
    |ap_enable_reg_pp0_iter2            |    9|          2|    1|          2|
    |ap_enable_reg_pp1_iter1            |   15|          3|    1|          3|
    |ap_enable_reg_pp2_iter1            |    9|          2|    1|          2|
    |ap_enable_reg_pp2_iter2            |    9|          2|    1|          2|
    |ap_enable_reg_pp3_iter1            |    9|          2|    1|          2|
    |ap_enable_reg_pp3_iter2            |    9|          2|    1|          2|
    |ap_enable_reg_pp4_iter1            |   15|          3|    1|          3|
    |ap_enable_reg_pp5_iter1            |    9|          2|    1|          2|
    |ap_enable_reg_pp5_iter2            |    9|          2|    1|          2|
    |ap_enable_reg_pp6_iter1            |    9|          2|    1|          2|
    |ap_enable_reg_pp6_iter2            |    9|          2|    1|          2|
    |ap_enable_reg_pp7_iter1            |   15|          3|    1|          3|
    |ap_enable_reg_pp8_iter1            |    9|          2|    1|          2|
    |ap_enable_reg_pp8_iter2            |    9|          2|    1|          2|
    |ap_phi_mux_phi_ln55_phi_fu_352_p4  |    9|          2|   13|         26|
    |ap_phi_mux_phi_ln76_phi_fu_386_p4  |    9|          2|   13|         26|
    |ap_phi_mux_phi_ln97_phi_fu_420_p4  |    9|          2|   13|         26|
    |i1_0_reg_394                       |    9|          2|   13|         26|
    |i2_0_reg_428                       |    9|          2|   13|         26|
    |i_0_reg_360                        |    9|          2|   13|         26|
    |phi_ln105_reg_439                  |    9|          2|   13|         26|
    |phi_ln55_reg_348                   |    9|          2|   13|         26|
    |phi_ln63_reg_371                   |    9|          2|   13|         26|
    |phi_ln76_reg_382                   |    9|          2|   13|         26|
    |phi_ln84_reg_405                   |    9|          2|   13|         26|
    |phi_ln97_reg_416                   |    9|          2|   13|         26|
    |point_blk_n_AR                     |    9|          2|    1|          2|
    |point_blk_n_AW                     |    9|          2|    1|          2|
    |point_blk_n_B                      |    9|          2|    1|          2|
    |point_blk_n_R                      |    9|          2|    1|          2|
    |point_blk_n_W                      |    9|          2|    1|          2|
    |point_input_buffer_address0        |   15|          3|   13|         39|
    |point_output_buffer_address0       |   15|          3|   13|         39|
    |result_blk_n_AR                    |    9|          2|    1|          2|
    |result_blk_n_AW                    |    9|          2|    1|          2|
    |result_blk_n_B                     |    9|          2|    1|          2|
    |result_blk_n_R                     |    9|          2|    1|          2|
    |result_blk_n_W                     |    9|          2|    1|          2|
    |result_input_buffer_address0       |   15|          3|   13|         39|
    |result_output_buffer_address0      |   15|          3|   13|         39|
    |scalar_blk_n_AR                    |    9|          2|    1|          2|
    |scalar_blk_n_AW                    |    9|          2|    1|          2|
    |scalar_blk_n_B                     |    9|          2|    1|          2|
    |scalar_blk_n_R                     |    9|          2|    1|          2|
    |scalar_blk_n_W                     |    9|          2|    1|          2|
    |scalar_input_buffer_address0       |   15|          3|   13|         39|
    |scalar_output_buffer_address0      |   15|          3|   13|         39|
    +-----------------------------------+-----+-----------+-----+-----------+
    |Total                              |  675|        148|  265|        652|
    +-----------------------------------+-----+-----------+-----+-----------+

    * Register: 
    +-----------------------------------+----+----+-----+-----------+
    |                Name               | FF | LUT| Bits| Const Bits|
    +-----------------------------------+----+----+-----+-----------+
    |add_ln55_reg_709                   |  13|   0|   13|          0|
    |add_ln76_reg_761                   |  13|   0|   13|          0|
    |add_ln97_reg_813                   |  13|   0|   13|          0|
    |ap_CS_fsm                          |  42|   0|   42|          0|
    |ap_enable_reg_pp0_iter0            |   1|   0|    1|          0|
    |ap_enable_reg_pp0_iter1            |   1|   0|    1|          0|
    |ap_enable_reg_pp0_iter2            |   1|   0|    1|          0|
    |ap_enable_reg_pp1_iter0            |   1|   0|    1|          0|
    |ap_enable_reg_pp1_iter1            |   1|   0|    1|          0|
    |ap_enable_reg_pp2_iter0            |   1|   0|    1|          0|
    |ap_enable_reg_pp2_iter1            |   1|   0|    1|          0|
    |ap_enable_reg_pp2_iter2            |   1|   0|    1|          0|
    |ap_enable_reg_pp3_iter0            |   1|   0|    1|          0|
    |ap_enable_reg_pp3_iter1            |   1|   0|    1|          0|
    |ap_enable_reg_pp3_iter2            |   1|   0|    1|          0|
    |ap_enable_reg_pp4_iter0            |   1|   0|    1|          0|
    |ap_enable_reg_pp4_iter1            |   1|   0|    1|          0|
    |ap_enable_reg_pp5_iter0            |   1|   0|    1|          0|
    |ap_enable_reg_pp5_iter1            |   1|   0|    1|          0|
    |ap_enable_reg_pp5_iter2            |   1|   0|    1|          0|
    |ap_enable_reg_pp6_iter0            |   1|   0|    1|          0|
    |ap_enable_reg_pp6_iter1            |   1|   0|    1|          0|
    |ap_enable_reg_pp6_iter2            |   1|   0|    1|          0|
    |ap_enable_reg_pp7_iter0            |   1|   0|    1|          0|
    |ap_enable_reg_pp7_iter1            |   1|   0|    1|          0|
    |ap_enable_reg_pp8_iter0            |   1|   0|    1|          0|
    |ap_enable_reg_pp8_iter1            |   1|   0|    1|          0|
    |ap_enable_reg_pp8_iter2            |   1|   0|    1|          0|
    |ap_rst_n_inv                       |   1|   0|    1|          0|
    |ap_rst_reg_1                       |   1|   0|    1|          0|
    |ap_rst_reg_2                       |   1|   0|    1|          0|
    |i1_0_reg_394                       |  13|   0|   13|          0|
    |i2_0_reg_428                       |  13|   0|   13|          0|
    |i_0_reg_360                        |  13|   0|   13|          0|
    |icmp_ln100_reg_823                 |   1|   0|    1|          0|
    |icmp_ln105_reg_842                 |   1|   0|    1|          0|
    |icmp_ln105_reg_842_pp8_iter1_reg   |   1|   0|    1|          0|
    |icmp_ln55_reg_705                  |   1|   0|    1|          0|
    |icmp_ln55_reg_705_pp0_iter1_reg    |   1|   0|    1|          0|
    |icmp_ln58_reg_719                  |   1|   0|    1|          0|
    |icmp_ln63_reg_738                  |   1|   0|    1|          0|
    |icmp_ln63_reg_738_pp2_iter1_reg    |   1|   0|    1|          0|
    |icmp_ln76_reg_757                  |   1|   0|    1|          0|
    |icmp_ln76_reg_757_pp3_iter1_reg    |   1|   0|    1|          0|
    |icmp_ln79_reg_771                  |   1|   0|    1|          0|
    |icmp_ln84_reg_790                  |   1|   0|    1|          0|
    |icmp_ln84_reg_790_pp5_iter1_reg    |   1|   0|    1|          0|
    |icmp_ln97_reg_809                  |   1|   0|    1|          0|
    |icmp_ln97_reg_809_pp6_iter1_reg    |   1|   0|    1|          0|
    |phi_ln105_reg_439                  |  13|   0|   13|          0|
    |phi_ln55_reg_348                   |  13|   0|   13|          0|
    |phi_ln55_reg_348_pp0_iter1_reg     |  13|   0|   13|          0|
    |phi_ln63_reg_371                   |  13|   0|   13|          0|
    |phi_ln76_reg_382                   |  13|   0|   13|          0|
    |phi_ln76_reg_382_pp3_iter1_reg     |  13|   0|   13|          0|
    |phi_ln84_reg_405                   |  13|   0|   13|          0|
    |phi_ln97_reg_416                   |  13|   0|   13|          0|
    |phi_ln97_reg_416_pp6_iter1_reg     |  13|   0|   13|          0|
    |point_addr_read_reg_714            |  32|   0|   32|          0|
    |point_addr_reg_698                 |  62|   0|   64|          2|
    |point_output_buffer_load_reg_752   |  32|   0|   32|          0|
    |result_addr_read_reg_818           |  32|   0|   32|          0|
    |result_addr_reg_684                |  62|   0|   64|          2|
    |result_output_buffer_load_reg_856  |  32|   0|   32|          0|
    |scalar_addr_read_reg_766           |  32|   0|   32|          0|
    |scalar_addr_reg_691                |  62|   0|   64|          2|
    |scalar_output_buffer_load_reg_804  |  32|   0|   32|          0|
    |zext_ln101_reg_832                 |  13|   0|   64|         51|
    |zext_ln59_reg_728                  |  13|   0|   64|         51|
    |zext_ln80_reg_780                  |  13|   0|   64|         51|
    +-----------------------------------+----+----+-----+-----------+
    |Total                              | 696|   0|  855|        159|
    +-----------------------------------+----+----+-----+-----------+



================================================================
== Interface
================================================================
* Summary: 
+-----------------------+-----+-----+------------+-----------------+--------------+
|       RTL Ports       | Dir | Bits|  Protocol  |  Source Object  |    C Type    |
+-----------------------+-----+-----+------------+-----------------+--------------+
|s_axi_control_AWVALID  |  in |    1|    s_axi   |     control     |    scalar    |
|s_axi_control_AWREADY  | out |    1|    s_axi   |     control     |    scalar    |
|s_axi_control_AWADDR   |  in |    6|    s_axi   |     control     |    scalar    |
|s_axi_control_WVALID   |  in |    1|    s_axi   |     control     |    scalar    |
|s_axi_control_WREADY   | out |    1|    s_axi   |     control     |    scalar    |
|s_axi_control_WDATA    |  in |   32|    s_axi   |     control     |    scalar    |
|s_axi_control_WSTRB    |  in |    4|    s_axi   |     control     |    scalar    |
|s_axi_control_ARVALID  |  in |    1|    s_axi   |     control     |    scalar    |
|s_axi_control_ARREADY  | out |    1|    s_axi   |     control     |    scalar    |
|s_axi_control_ARADDR   |  in |    6|    s_axi   |     control     |    scalar    |
|s_axi_control_RVALID   | out |    1|    s_axi   |     control     |    scalar    |
|s_axi_control_RREADY   |  in |    1|    s_axi   |     control     |    scalar    |
|s_axi_control_RDATA    | out |   32|    s_axi   |     control     |    scalar    |
|s_axi_control_RRESP    | out |    2|    s_axi   |     control     |    scalar    |
|s_axi_control_BVALID   | out |    1|    s_axi   |     control     |    scalar    |
|s_axi_control_BREADY   |  in |    1|    s_axi   |     control     |    scalar    |
|s_axi_control_BRESP    | out |    2|    s_axi   |     control     |    scalar    |
|ap_clk                 |  in |    1| ap_ctrl_hs | multiexp_kernel | return value |
|ap_rst_n               |  in |    1| ap_ctrl_hs | multiexp_kernel | return value |
|interrupt              | out |    1| ap_ctrl_hs | multiexp_kernel | return value |
|m_axi_point_AWVALID    | out |    1|    m_axi   |      point      |    pointer   |
|m_axi_point_AWREADY    |  in |    1|    m_axi   |      point      |    pointer   |
|m_axi_point_AWADDR     | out |   64|    m_axi   |      point      |    pointer   |
|m_axi_point_AWID       | out |    1|    m_axi   |      point      |    pointer   |
|m_axi_point_AWLEN      | out |    8|    m_axi   |      point      |    pointer   |
|m_axi_point_AWSIZE     | out |    3|    m_axi   |      point      |    pointer   |
|m_axi_point_AWBURST    | out |    2|    m_axi   |      point      |    pointer   |
|m_axi_point_AWLOCK     | out |    2|    m_axi   |      point      |    pointer   |
|m_axi_point_AWCACHE    | out |    4|    m_axi   |      point      |    pointer   |
|m_axi_point_AWPROT     | out |    3|    m_axi   |      point      |    pointer   |
|m_axi_point_AWQOS      | out |    4|    m_axi   |      point      |    pointer   |
|m_axi_point_AWREGION   | out |    4|    m_axi   |      point      |    pointer   |
|m_axi_point_AWUSER     | out |    1|    m_axi   |      point      |    pointer   |
|m_axi_point_WVALID     | out |    1|    m_axi   |      point      |    pointer   |
|m_axi_point_WREADY     |  in |    1|    m_axi   |      point      |    pointer   |
|m_axi_point_WDATA      | out |   32|    m_axi   |      point      |    pointer   |
|m_axi_point_WSTRB      | out |    4|    m_axi   |      point      |    pointer   |
|m_axi_point_WLAST      | out |    1|    m_axi   |      point      |    pointer   |
|m_axi_point_WID        | out |    1|    m_axi   |      point      |    pointer   |
|m_axi_point_WUSER      | out |    1|    m_axi   |      point      |    pointer   |
|m_axi_point_ARVALID    | out |    1|    m_axi   |      point      |    pointer   |
|m_axi_point_ARREADY    |  in |    1|    m_axi   |      point      |    pointer   |
|m_axi_point_ARADDR     | out |   64|    m_axi   |      point      |    pointer   |
|m_axi_point_ARID       | out |    1|    m_axi   |      point      |    pointer   |
|m_axi_point_ARLEN      | out |    8|    m_axi   |      point      |    pointer   |
|m_axi_point_ARSIZE     | out |    3|    m_axi   |      point      |    pointer   |
|m_axi_point_ARBURST    | out |    2|    m_axi   |      point      |    pointer   |
|m_axi_point_ARLOCK     | out |    2|    m_axi   |      point      |    pointer   |
|m_axi_point_ARCACHE    | out |    4|    m_axi   |      point      |    pointer   |
|m_axi_point_ARPROT     | out |    3|    m_axi   |      point      |    pointer   |
|m_axi_point_ARQOS      | out |    4|    m_axi   |      point      |    pointer   |
|m_axi_point_ARREGION   | out |    4|    m_axi   |      point      |    pointer   |
|m_axi_point_ARUSER     | out |    1|    m_axi   |      point      |    pointer   |
|m_axi_point_RVALID     |  in |    1|    m_axi   |      point      |    pointer   |
|m_axi_point_RREADY     | out |    1|    m_axi   |      point      |    pointer   |
|m_axi_point_RDATA      |  in |   32|    m_axi   |      point      |    pointer   |
|m_axi_point_RLAST      |  in |    1|    m_axi   |      point      |    pointer   |
|m_axi_point_RID        |  in |    1|    m_axi   |      point      |    pointer   |
|m_axi_point_RUSER      |  in |    1|    m_axi   |      point      |    pointer   |
|m_axi_point_RRESP      |  in |    2|    m_axi   |      point      |    pointer   |
|m_axi_point_BVALID     |  in |    1|    m_axi   |      point      |    pointer   |
|m_axi_point_BREADY     | out |    1|    m_axi   |      point      |    pointer   |
|m_axi_point_BRESP      |  in |    2|    m_axi   |      point      |    pointer   |
|m_axi_point_BID        |  in |    1|    m_axi   |      point      |    pointer   |
|m_axi_point_BUSER      |  in |    1|    m_axi   |      point      |    pointer   |
|m_axi_scalar_AWVALID   | out |    1|    m_axi   |      scalar     |    pointer   |
|m_axi_scalar_AWREADY   |  in |    1|    m_axi   |      scalar     |    pointer   |
|m_axi_scalar_AWADDR    | out |   64|    m_axi   |      scalar     |    pointer   |
|m_axi_scalar_AWID      | out |    1|    m_axi   |      scalar     |    pointer   |
|m_axi_scalar_AWLEN     | out |    8|    m_axi   |      scalar     |    pointer   |
|m_axi_scalar_AWSIZE    | out |    3|    m_axi   |      scalar     |    pointer   |
|m_axi_scalar_AWBURST   | out |    2|    m_axi   |      scalar     |    pointer   |
|m_axi_scalar_AWLOCK    | out |    2|    m_axi   |      scalar     |    pointer   |
|m_axi_scalar_AWCACHE   | out |    4|    m_axi   |      scalar     |    pointer   |
|m_axi_scalar_AWPROT    | out |    3|    m_axi   |      scalar     |    pointer   |
|m_axi_scalar_AWQOS     | out |    4|    m_axi   |      scalar     |    pointer   |
|m_axi_scalar_AWREGION  | out |    4|    m_axi   |      scalar     |    pointer   |
|m_axi_scalar_AWUSER    | out |    1|    m_axi   |      scalar     |    pointer   |
|m_axi_scalar_WVALID    | out |    1|    m_axi   |      scalar     |    pointer   |
|m_axi_scalar_WREADY    |  in |    1|    m_axi   |      scalar     |    pointer   |
|m_axi_scalar_WDATA     | out |   32|    m_axi   |      scalar     |    pointer   |
|m_axi_scalar_WSTRB     | out |    4|    m_axi   |      scalar     |    pointer   |
|m_axi_scalar_WLAST     | out |    1|    m_axi   |      scalar     |    pointer   |
|m_axi_scalar_WID       | out |    1|    m_axi   |      scalar     |    pointer   |
|m_axi_scalar_WUSER     | out |    1|    m_axi   |      scalar     |    pointer   |
|m_axi_scalar_ARVALID   | out |    1|    m_axi   |      scalar     |    pointer   |
|m_axi_scalar_ARREADY   |  in |    1|    m_axi   |      scalar     |    pointer   |
|m_axi_scalar_ARADDR    | out |   64|    m_axi   |      scalar     |    pointer   |
|m_axi_scalar_ARID      | out |    1|    m_axi   |      scalar     |    pointer   |
|m_axi_scalar_ARLEN     | out |    8|    m_axi   |      scalar     |    pointer   |
|m_axi_scalar_ARSIZE    | out |    3|    m_axi   |      scalar     |    pointer   |
|m_axi_scalar_ARBURST   | out |    2|    m_axi   |      scalar     |    pointer   |
|m_axi_scalar_ARLOCK    | out |    2|    m_axi   |      scalar     |    pointer   |
|m_axi_scalar_ARCACHE   | out |    4|    m_axi   |      scalar     |    pointer   |
|m_axi_scalar_ARPROT    | out |    3|    m_axi   |      scalar     |    pointer   |
|m_axi_scalar_ARQOS     | out |    4|    m_axi   |      scalar     |    pointer   |
|m_axi_scalar_ARREGION  | out |    4|    m_axi   |      scalar     |    pointer   |
|m_axi_scalar_ARUSER    | out |    1|    m_axi   |      scalar     |    pointer   |
|m_axi_scalar_RVALID    |  in |    1|    m_axi   |      scalar     |    pointer   |
|m_axi_scalar_RREADY    | out |    1|    m_axi   |      scalar     |    pointer   |
|m_axi_scalar_RDATA     |  in |   32|    m_axi   |      scalar     |    pointer   |
|m_axi_scalar_RLAST     |  in |    1|    m_axi   |      scalar     |    pointer   |
|m_axi_scalar_RID       |  in |    1|    m_axi   |      scalar     |    pointer   |
|m_axi_scalar_RUSER     |  in |    1|    m_axi   |      scalar     |    pointer   |
|m_axi_scalar_RRESP     |  in |    2|    m_axi   |      scalar     |    pointer   |
|m_axi_scalar_BVALID    |  in |    1|    m_axi   |      scalar     |    pointer   |
|m_axi_scalar_BREADY    | out |    1|    m_axi   |      scalar     |    pointer   |
|m_axi_scalar_BRESP     |  in |    2|    m_axi   |      scalar     |    pointer   |
|m_axi_scalar_BID       |  in |    1|    m_axi   |      scalar     |    pointer   |
|m_axi_scalar_BUSER     |  in |    1|    m_axi   |      scalar     |    pointer   |
|m_axi_result_AWVALID   | out |    1|    m_axi   |      result     |    pointer   |
|m_axi_result_AWREADY   |  in |    1|    m_axi   |      result     |    pointer   |
|m_axi_result_AWADDR    | out |   64|    m_axi   |      result     |    pointer   |
|m_axi_result_AWID      | out |    1|    m_axi   |      result     |    pointer   |
|m_axi_result_AWLEN     | out |    8|    m_axi   |      result     |    pointer   |
|m_axi_result_AWSIZE    | out |    3|    m_axi   |      result     |    pointer   |
|m_axi_result_AWBURST   | out |    2|    m_axi   |      result     |    pointer   |
|m_axi_result_AWLOCK    | out |    2|    m_axi   |      result     |    pointer   |
|m_axi_result_AWCACHE   | out |    4|    m_axi   |      result     |    pointer   |
|m_axi_result_AWPROT    | out |    3|    m_axi   |      result     |    pointer   |
|m_axi_result_AWQOS     | out |    4|    m_axi   |      result     |    pointer   |
|m_axi_result_AWREGION  | out |    4|    m_axi   |      result     |    pointer   |
|m_axi_result_AWUSER    | out |    1|    m_axi   |      result     |    pointer   |
|m_axi_result_WVALID    | out |    1|    m_axi   |      result     |    pointer   |
|m_axi_result_WREADY    |  in |    1|    m_axi   |      result     |    pointer   |
|m_axi_result_WDATA     | out |   32|    m_axi   |      result     |    pointer   |
|m_axi_result_WSTRB     | out |    4|    m_axi   |      result     |    pointer   |
|m_axi_result_WLAST     | out |    1|    m_axi   |      result     |    pointer   |
|m_axi_result_WID       | out |    1|    m_axi   |      result     |    pointer   |
|m_axi_result_WUSER     | out |    1|    m_axi   |      result     |    pointer   |
|m_axi_result_ARVALID   | out |    1|    m_axi   |      result     |    pointer   |
|m_axi_result_ARREADY   |  in |    1|    m_axi   |      result     |    pointer   |
|m_axi_result_ARADDR    | out |   64|    m_axi   |      result     |    pointer   |
|m_axi_result_ARID      | out |    1|    m_axi   |      result     |    pointer   |
|m_axi_result_ARLEN     | out |    8|    m_axi   |      result     |    pointer   |
|m_axi_result_ARSIZE    | out |    3|    m_axi   |      result     |    pointer   |
|m_axi_result_ARBURST   | out |    2|    m_axi   |      result     |    pointer   |
|m_axi_result_ARLOCK    | out |    2|    m_axi   |      result     |    pointer   |
|m_axi_result_ARCACHE   | out |    4|    m_axi   |      result     |    pointer   |
|m_axi_result_ARPROT    | out |    3|    m_axi   |      result     |    pointer   |
|m_axi_result_ARQOS     | out |    4|    m_axi   |      result     |    pointer   |
|m_axi_result_ARREGION  | out |    4|    m_axi   |      result     |    pointer   |
|m_axi_result_ARUSER    | out |    1|    m_axi   |      result     |    pointer   |
|m_axi_result_RVALID    |  in |    1|    m_axi   |      result     |    pointer   |
|m_axi_result_RREADY    | out |    1|    m_axi   |      result     |    pointer   |
|m_axi_result_RDATA     |  in |   32|    m_axi   |      result     |    pointer   |
|m_axi_result_RLAST     |  in |    1|    m_axi   |      result     |    pointer   |
|m_axi_result_RID       |  in |    1|    m_axi   |      result     |    pointer   |
|m_axi_result_RUSER     |  in |    1|    m_axi   |      result     |    pointer   |
|m_axi_result_RRESP     |  in |    2|    m_axi   |      result     |    pointer   |
|m_axi_result_BVALID    |  in |    1|    m_axi   |      result     |    pointer   |
|m_axi_result_BREADY    | out |    1|    m_axi   |      result     |    pointer   |
|m_axi_result_BRESP     |  in |    2|    m_axi   |      result     |    pointer   |
|m_axi_result_BID       |  in |    1|    m_axi   |      result     |    pointer   |
|m_axi_result_BUSER     |  in |    1|    m_axi   |      result     |    pointer   |
+-----------------------+-----+-----+------------+-----------------+--------------+

